  MapDraw.cpp
c:\users\ta-a-04\desktop\study\c_c++\문제 풀이\c++\chapter6\chapter6_omock\gotoxy\mapdraw.h(21): warning C4838: 'int'에서 'SHORT'(으)로의 변환에는 축소 변환이 필요합니다.
c:\users\ta-a-04\desktop\study\c_c++\문제 풀이\c++\chapter6\chapter6_omock\gotoxy\mapdraw.cpp(29): warning C4018: '>': signed 또는 unsigned가 일치하지 않습니다.
  PlayGame.cpp
c:\users\ta-a-04\desktop\study\c_c++\문제 풀이\c++\chapter6\chapter6_omock\gotoxy\mapdraw.h(21): warning C4838: 'int'에서 'SHORT'(으)로의 변환에는 축소 변환이 필요합니다.
c:\users\ta-a-04\desktop\study\c_c++\문제 풀이\c++\chapter6\chapter6_omock\gotoxy\playgame.cpp(28): warning C4244: '인수': 'double'에서 'int'(으)로 변환하면서 데이터가 손실될 수 있습니다.
c:\users\ta-a-04\desktop\study\c_c++\문제 풀이\c++\chapter6\chapter6_omock\gotoxy\playgame.cpp(29): warning C4244: '인수': 'double'에서 'int'(으)로 변환하면서 데이터가 손실될 수 있습니다.
c:\users\ta-a-04\desktop\study\c_c++\문제 풀이\c++\chapter6\chapter6_omock\gotoxy\playgame.cpp(31): warning C4244: '인수': 'double'에서 'int'(으)로 변환하면서 데이터가 손실될 수 있습니다.
c:\users\ta-a-04\desktop\study\c_c++\문제 풀이\c++\chapter6\chapter6_omock\gotoxy\playgame.cpp(92): warning C4244: '인수': 'double'에서 'int'(으)로 변환하면서 데이터가 손실될 수 있습니다.
  SetMenu.cpp
c:\users\ta-a-04\desktop\study\c_c++\문제 풀이\c++\chapter6\chapter6_omock\gotoxy\mapdraw.h(21): warning C4838: 'int'에서 'SHORT'(으)로의 변환에는 축소 변환이 필요합니다.
c:\users\ta-a-04\desktop\study\c_c++\문제 풀이\c++\chapter6\chapter6_omock\gotoxy\setmenu.cpp(7): warning C4244: '인수': 'double'에서 'int'(으)로 변환하면서 데이터가 손실될 수 있습니다.
c:\users\ta-a-04\desktop\study\c_c++\문제 풀이\c++\chapter6\chapter6_omock\gotoxy\setmenu.cpp(8): warning C4244: '인수': 'double'에서 'int'(으)로 변환하면서 데이터가 손실될 수 있습니다.
c:\users\ta-a-04\desktop\study\c_c++\문제 풀이\c++\chapter6\chapter6_omock\gotoxy\setmenu.cpp(9): warning C4244: '인수': 'double'에서 'int'(으)로 변환하면서 데이터가 손실될 수 있습니다.
c:\users\ta-a-04\desktop\study\c_c++\문제 풀이\c++\chapter6\chapter6_omock\gotoxy\setmenu.cpp(10): warning C4244: '인수': 'double'에서 'int'(으)로 변환하면서 데이터가 손실될 수 있습니다.
c:\users\ta-a-04\desktop\study\c_c++\문제 풀이\c++\chapter6\chapter6_omock\gotoxy\setmenu.cpp(11): warning C4244: '인수': 'double'에서 'int'(으)로 변환하면서 데이터가 손실될 수 있습니다.
c:\users\ta-a-04\desktop\study\c_c++\문제 풀이\c++\chapter6\chapter6_omock\gotoxy\setmenu.cpp(12): warning C4244: '인수': 'double'에서 'int'(으)로 변환하면서 데이터가 손실될 수 있습니다.
c:\users\ta-a-04\desktop\study\c_c++\문제 풀이\c++\chapter6\chapter6_omock\gotoxy\setmenu.cpp(25): warning C4244: '인수': 'double'에서 'int'(으)로 변환하면서 데이터가 손실될 수 있습니다.
c:\users\ta-a-04\desktop\study\c_c++\문제 풀이\c++\chapter6\chapter6_omock\gotoxy\setmenu.cpp(26): warning C4244: '인수': 'double'에서 'int'(으)로 변환하면서 데이터가 손실될 수 있습니다.
c:\users\ta-a-04\desktop\study\c_c++\문제 풀이\c++\chapter6\chapter6_omock\gotoxy\setmenu.cpp(27): warning C4244: '인수': 'double'에서 'int'(으)로 변환하면서 데이터가 손실될 수 있습니다.
c:\users\ta-a-04\desktop\study\c_c++\문제 풀이\c++\chapter6\chapter6_omock\gotoxy\setmenu.cpp(28): warning C4244: '인수': 'double'에서 'int'(으)로 변환하면서 데이터가 손실될 수 있습니다.
c:\users\ta-a-04\desktop\study\c_c++\문제 풀이\c++\chapter6\chapter6_omock\gotoxy\setmenu.cpp(29): warning C4244: '인수': 'double'에서 'int'(으)로 변환하면서 데이터가 손실될 수 있습니다.
c:\users\ta-a-04\desktop\study\c_c++\문제 풀이\c++\chapter6\chapter6_omock\gotoxy\setmenu.cpp(30): warning C4244: '인수': 'double'에서 'int'(으)로 변환하면서 데이터가 손실될 수 있습니다.
c:\users\ta-a-04\desktop\study\c_c++\문제 풀이\c++\chapter6\chapter6_omock\gotoxy\setmenu.cpp(31): warning C4244: '인수': 'double'에서 'int'(으)로 변환하면서 데이터가 손실될 수 있습니다.
c:\users\ta-a-04\desktop\study\c_c++\문제 풀이\c++\chapter6\chapter6_omock\gotoxy\setmenu.cpp(66): warning C4244: '인수': 'double'에서 'int'(으)로 변환하면서 데이터가 손실될 수 있습니다.
c:\users\ta-a-04\desktop\study\c_c++\문제 풀이\c++\chapter6\chapter6_omock\gotoxy\setmenu.cpp(67): warning C4244: '인수': 'double'에서 'int'(으)로 변환하면서 데이터가 손실될 수 있습니다.
c:\users\ta-a-04\desktop\study\c_c++\문제 풀이\c++\chapter6\chapter6_omock\gotoxy\setmenu.cpp(69): warning C4244: '인수': 'double'에서 'int'(으)로 변환하면서 데이터가 손실될 수 있습니다.
c:\users\ta-a-04\desktop\study\c_c++\문제 풀이\c++\chapter6\chapter6_omock\gotoxy\setmenu.cpp(76): warning C4244: '인수': 'double'에서 'int'(으)로 변환하면서 데이터가 손실될 수 있습니다.
c:\users\ta-a-04\desktop\study\c_c++\문제 풀이\c++\chapter6\chapter6_omock\gotoxy\setmenu.cpp(77): warning C4244: '인수': 'double'에서 'int'(으)로 변환하면서 데이터가 손실될 수 있습니다.
c:\users\ta-a-04\desktop\study\c_c++\문제 풀이\c++\chapter6\chapter6_omock\gotoxy\setmenu.cpp(96): warning C4244: '인수': 'double'에서 'int'(으)로 변환하면서 데이터가 손실될 수 있습니다.
c:\users\ta-a-04\desktop\study\c_c++\문제 풀이\c++\chapter6\chapter6_omock\gotoxy\setmenu.cpp(97): warning C4244: '인수': 'double'에서 'int'(으)로 변환하면서 데이터가 손실될 수 있습니다.
c:\users\ta-a-04\desktop\study\c_c++\문제 풀이\c++\chapter6\chapter6_omock\gotoxy\setmenu.cpp(98): warning C4244: '인수': 'double'에서 'int'(으)로 변환하면서 데이터가 손실될 수 있습니다.
c:\users\ta-a-04\desktop\study\c_c++\문제 풀이\c++\chapter6\chapter6_omock\gotoxy\setmenu.cpp(99): warning C4244: '인수': 'double'에서 'int'(으)로 변환하면서 데이터가 손실될 수 있습니다.
c:\users\ta-a-04\desktop\study\c_c++\문제 풀이\c++\chapter6\chapter6_omock\gotoxy\setmenu.cpp(127): warning C4244: '인수': 'double'에서 'int'(으)로 변환하면서 데이터가 손실될 수 있습니다.
c:\users\ta-a-04\desktop\study\c_c++\문제 풀이\c++\chapter6\chapter6_omock\gotoxy\setmenu.cpp(128): warning C4244: '인수': 'double'에서 'int'(으)로 변환하면서 데이터가 손실될 수 있습니다.
c:\users\ta-a-04\desktop\study\c_c++\문제 풀이\c++\chapter6\chapter6_omock\gotoxy\setmenu.cpp(129): warning C4244: '인수': 'double'에서 'int'(으)로 변환하면서 데이터가 손실될 수 있습니다.
c:\users\ta-a-04\desktop\study\c_c++\문제 풀이\c++\chapter6\chapter6_omock\gotoxy\setmenu.cpp(130): warning C4244: '인수': 'double'에서 'int'(으)로 변환하면서 데이터가 손실될 수 있습니다.
c:\users\ta-a-04\desktop\study\c_c++\문제 풀이\c++\chapter6\chapter6_omock\gotoxy\setmenu.cpp(159): warning C4244: '인수': 'double'에서 'int'(으)로 변환하면서 데이터가 손실될 수 있습니다.
c:\users\ta-a-04\desktop\study\c_c++\문제 풀이\c++\chapter6\chapter6_omock\gotoxy\setmenu.cpp(160): warning C4244: '인수': 'double'에서 'int'(으)로 변환하면서 데이터가 손실될 수 있습니다.
c:\users\ta-a-04\desktop\study\c_c++\문제 풀이\c++\chapter6\chapter6_omock\gotoxy\setmenu.cpp(161): warning C4244: '인수': 'double'에서 'int'(으)로 변환하면서 데이터가 손실될 수 있습니다.
c:\users\ta-a-04\desktop\study\c_c++\문제 풀이\c++\chapter6\chapter6_omock\gotoxy\setmenu.cpp(162): warning C4244: '인수': 'double'에서 'int'(으)로 변환하면서 데이터가 손실될 수 있습니다.
c:\users\ta-a-04\desktop\study\c_c++\문제 풀이\c++\chapter6\chapter6_omock\gotoxy\setmenu.cpp(163): warning C4244: '인수': 'double'에서 'int'(으)로 변환하면서 데이터가 손실될 수 있습니다.
c:\users\ta-a-04\desktop\study\c_c++\문제 풀이\c++\chapter6\chapter6_omock\gotoxy\setmenu.cpp(169): warning C4244: '인수': 'double'에서 'int'(으)로 변환하면서 데이터가 손실될 수 있습니다.
  main.cpp
c:\users\ta-a-04\desktop\study\c_c++\문제 풀이\c++\chapter6\chapter6_omock\gotoxy\mapdraw.h(21): warning C4838: 'int'에서 'SHORT'(으)로의 변환에는 축소 변환이 필요합니다.
c:\users\ta-a-04\desktop\study\c_c++\문제 풀이\c++\chapter6\chapter6_omock\gotoxy\main.cpp(5): warning C4326: 'main'의 반환 형식이 'int'이어야 하는데 'void'입니다.
  코드를 생성하고 있습니다...
  gotoxy.vcxproj -> C:\Users\TA-A-04\Desktop\study\C_C++\문제 풀이\C++\Chapter6\Chapter6_omock\Debug\gotoxy.exe
