c:\users\user\source\repos\project29\project29\debug\vc141.pdb
c:\users\user\source\repos\project29\project29\debug\vc141.idb
c:\users\user\source\repos\project29\project29\debug\maze.obj
c:\users\user\desktop\ggg\study\c_c++\문제 풀이\chapter6\chapter6_미로찾기(추가)\project29\debug\vc141.pdb
c:\users\user\desktop\ggg\study\c_c++\문제 풀이\chapter6\chapter6_미로찾기(추가)\project29\debug\vc141.idb
c:\users\user\desktop\ggg\study\c_c++\문제 풀이\chapter6\chapter6_미로찾기(추가)\project29\debug\maze.obj
c:\users\user\source\repos\project29\debug\project29.exe
c:\users\user\source\repos\project29\debug\project29.ilk
c:\users\user\source\repos\project29\debug\project29.pdb
c:\users\user\desktop\ggg\study\c_c++\문제 풀이\chapter6\chapter6_미로찾기(추가)\debug\project29.exe
c:\users\user\desktop\ggg\study\c_c++\문제 풀이\chapter6\chapter6_미로찾기(추가)\debug\project29.ilk
c:\users\user\desktop\ggg\study\c_c++\문제 풀이\chapter6\chapter6_미로찾기(추가)\debug\project29.pdb
c:\users\a05\desktop\study\c_c++\문제 풀이\chapter6\chapter6_미로찾기(추가)\project29\debug\maze.obj
c:\users\a05\desktop\study\c_c++\문제 풀이\chapter6\chapter6_미로찾기(추가)\project29\debug\소스.obj
c:\users\a05\desktop\study\c_c++\문제 풀이\chapter6\chapter6_미로찾기(추가)\project29\debug\vc141.idb
c:\users\a05\desktop\study\c_c++\문제 풀이\chapter6\chapter6_미로찾기(추가)\project29\debug\vc141.pdb
c:\users\a05\desktop\study\c_c++\문제 풀이\chapter6\chapter6_미로찾기(추가)\debug\project29.pdb
c:\users\a05\desktop\study\c_c++\문제 풀이\chapter6\chapter6_미로찾기(추가)\debug\project29.exe
c:\users\a05\desktop\study\c_c++\문제 풀이\chapter6\chapter6_미로찾기(추가)\debug\project29.ilk
c:\users\a05\desktop\study\c_c++\문제 풀이\chapter6\chapter6_미로찾기(추가)\project29\debug\project29.tlog\cl.command.1.tlog
c:\users\a05\desktop\study\c_c++\문제 풀이\chapter6\chapter6_미로찾기(추가)\project29\debug\project29.tlog\cl.read.1.tlog
c:\users\a05\desktop\study\c_c++\문제 풀이\chapter6\chapter6_미로찾기(추가)\project29\debug\project29.tlog\cl.write.1.tlog
c:\users\a05\desktop\study\c_c++\문제 풀이\chapter6\chapter6_미로찾기(추가)\project29\debug\project29.tlog\link.command.1.tlog
c:\users\a05\desktop\study\c_c++\문제 풀이\chapter6\chapter6_미로찾기(추가)\project29\debug\project29.tlog\link.read.1.tlog
c:\users\a05\desktop\study\c_c++\문제 풀이\chapter6\chapter6_미로찾기(추가)\project29\debug\project29.tlog\link.write.1.tlog
